<?xml version="1.0" encoding="UTF-8"?>
<!-- Generated by org.testng.reporters.JUnitXMLReporter -->
<testsuite ignored="0" hostname="DESKTOP-0VAGNL3" failures="0" tests="3" name="MyTest" time="35.379" errors="0" timestamp="2023-09-18T01:08:16 PST">
  <testcase classname="com.example.GitHubUsersSearchTest" name="HomePage" time="22.199"/>
  <testcase classname="com.example.GitHubUsersSearchTest" name="UserDetailsPage" time="2.055"/>
  <testcase classname="com.example.GitHubUsersSearchTest" name="UserRepositoriesPage" time="6.265"/>
</testsuite> <!-- MyTest -->
