<?xml version="1.0" encoding="UTF-8"?>
<testng-results ignored="0" total="3" passed="3" failed="0" skipped="0">
  <reporter-output>
  </reporter-output>
  <suite started-at="2023-09-18T01:07:41 PST" name="MySuite" finished-at="2023-09-18T01:08:16 PST" duration-ms="35379">
    <groups>
    </groups>
    <test started-at="2023-09-18T01:07:41 PST" name="MyTest" finished-at="2023-09-18T01:08:16 PST" duration-ms="35379">
      <class name="com.example.GitHubUsersSearchTest">
        <test-method is-config="true" signature="setup()[pri:0, instance:com.example.GitHubUsersSearchTest@59662a0b]" started-at="2023-09-18T01:07:41 PST" name="setup" finished-at="2023-09-18T01:07:46 PST" duration-ms="4711" status="PASS">
          <reporter-output>
          </reporter-output>
        </test-method> <!-- setup -->
        <test-method signature="HomePage()[pri:0, instance:com.example.GitHubUsersSearchTest@59662a0b]" started-at="2023-09-18T01:07:46 PST" name="HomePage" finished-at="2023-09-18T01:08:08 PST" duration-ms="22199" status="PASS">
          <reporter-output>
          </reporter-output>
        </test-method> <!-- HomePage -->
        <test-method signature="UserDetailsPage()[pri:0, instance:com.example.GitHubUsersSearchTest@59662a0b]" started-at="2023-09-18T01:08:08 PST" name="UserDetailsPage" finished-at="2023-09-18T01:08:10 PST" duration-ms="2055" status="PASS">
          <reporter-output>
          </reporter-output>
        </test-method> <!-- UserDetailsPage -->
        <test-method signature="UserRepositoriesPage()[pri:0, instance:com.example.GitHubUsersSearchTest@59662a0b]" started-at="2023-09-18T01:08:10 PST" name="UserRepositoriesPage" finished-at="2023-09-18T01:08:16 PST" duration-ms="6265" status="PASS">
          <reporter-output>
          </reporter-output>
        </test-method> <!-- UserRepositoriesPage -->
        <test-method is-config="true" signature="tearDown()[pri:0, instance:com.example.GitHubUsersSearchTest@59662a0b]" started-at="2023-09-18T01:08:16 PST" name="tearDown" finished-at="2023-09-18T01:08:16 PST" duration-ms="124" status="PASS">
          <reporter-output>
          </reporter-output>
        </test-method> <!-- tearDown -->
      </class> <!-- com.example.GitHubUsersSearchTest -->
    </test> <!-- MyTest -->
  </suite> <!-- MySuite -->
</testng-results>
